2021-03-17 16:22:02.348 [main] INFO  calculator.Calculator - [SQ ROOT] - 3.0
2021-03-17 16:22:02.353 [main] INFO  calculator.Calculator - [RESULT - SQ ROOT] - 1.7320508075688772
2021-03-17 16:22:10.807 [main] INFO  calculator.Calculator - [POWER - 1.0 RAISED TO] 2.0
2021-03-17 16:22:10.808 [main] INFO  calculator.Calculator - [RESULT - POWER] - 1.0
2021-03-17 16:22:18.157 [main] INFO  calculator.Calculator - [NATURAL LOG] - 2.0
2021-03-17 16:22:18.158 [main] INFO  calculator.Calculator - [RESULT - NATURAL LOG] - 0.6931471805599453
2021-03-17 16:22:21.299 [main] INFO  calculator.Calculator - [NATURAL LOG] - 6.0
2021-03-17 16:22:21.300 [main] INFO  calculator.Calculator - [RESULT - NATURAL LOG] - 1.791759469228055
2021-03-17 16:22:24.760 [main] INFO  calculator.Calculator - [FACTORIAL] - 9.0
2021-03-17 16:22:24.762 [main] INFO  calculator.Calculator - [RESULT - FACTORIAL] - 362880.0
2021-03-17 16:22:29.110 [main] INFO  calculator.Calculator - [SQ ROOT] - 77.0
2021-03-17 16:22:29.111 [main] INFO  calculator.Calculator - [RESULT - SQ ROOT] - 8.774964387392123
2021-03-17 16:22:33.858 [main] INFO  calculator.Calculator - [NATURAL LOG] - 10.0
2021-03-17 16:22:33.859 [main] INFO  calculator.Calculator - [RESULT - NATURAL LOG] - 2.302585092994046
2021-03-17 16:22:44.964 [main] INFO  calculator.Calculator - [POWER - 2.0 RAISED TO] 70.0
2021-03-17 16:22:44.965 [main] INFO  calculator.Calculator - [RESULT - POWER] - 1.1805916207174113E21
2021-03-17 16:22:52.198 [main] INFO  calculator.Calculator - [NATURAL LOG] - 1111.0
2021-03-17 16:22:52.198 [main] INFO  calculator.Calculator - [RESULT - NATURAL LOG] - 7.01301578963963
2021-03-17 16:22:57.642 [main] INFO  calculator.Calculator - [POWER - 3.0 RAISED TO] 7.0
2021-03-17 16:22:57.643 [main] INFO  calculator.Calculator - [RESULT - POWER] - 2187.0
2021-03-17 16:23:07.819 [main] INFO  calculator.Calculator - [POWER - 3333.0 RAISED TO] 22.0
2021-03-17 16:23:07.820 [main] INFO  calculator.Calculator - [RESULT - POWER] - 3.179632303348241E77
2021-03-17 16:23:25.881 [main] INFO  calculator.Calculator - [NATURAL LOG] - 10000.0
2021-03-17 16:23:25.882 [main] INFO  calculator.Calculator - [RESULT - NATURAL LOG] - 9.210340371976184
2021-03-17 16:23:32.218 [main] INFO  calculator.Calculator - [SQ ROOT] - 1.0
2021-03-17 16:23:32.219 [main] INFO  calculator.Calculator - [RESULT - SQ ROOT] - 1.0
